Arguments: 
  C:\Program Files\nodejs\node.exe C:\Users\palla\AppData\Roaming\npm\node_modules\yarn\bin\yarn.js add @react-navigation/material-bottom-tabs react-native-paper

PATH: 
  C:\Program Files\Common Files\Oracle\Java\javapath;C:\Program Files (x86)\Intel\Intel(R) Management Engine Components\iCLS\;C:\Program Files\Intel\Intel(R) Management Engine Components\iCLS\;C:\WINDOWS\system32;C:\WINDOWS;C:\WINDOWS\System32\Wbem;C:\WINDOWS\System32\WindowsPowerShell\v1.0\;C:\WINDOWS\System32\OpenSSH\;C:\Program Files (x86)\Intel\Intel(R) Management Engine Components\DAL;C:\Program Files\Intel\Intel(R) Management Engine Components\DAL;C:\Program Files\nodejs\;C:\Program Files\Amazon\AWSCLIV2\;C:\Program Files\Git\cmd;C:\Program Files\dotnet\;C:\Users\palla\AppData\Local\Programs\Python\Launcher\;C:\Users\palla\AppData\Local\Microsoft\WindowsApps;C:\Users\palla\AppData\Local\atom\bin;C:\Users\palla\AppData\Local\Microsoft\WindowsApps;C:\Users\palla\AppData\Roaming\npm

Yarn version: 
  1.22.19

Node version: 
  20.2.0

Platform: 
  win32 x64

Trace: 
  Error: https://registry.yarnpkg.com/react-native-vector-icons%2fIonicons: Request "https://registry.yarnpkg.com/react-native-vector-icons%2fIonicons" returned a 405
      at params.callback [as _callback] (C:\Users\palla\AppData\Roaming\npm\node_modules\yarn\lib\cli.js:66154:18)
      at self.callback (C:\Users\palla\AppData\Roaming\npm\node_modules\yarn\lib\cli.js:140890:22)
      at Request.emit (node:events:511:28)
      at Request.<anonymous> (C:\Users\palla\AppData\Roaming\npm\node_modules\yarn\lib\cli.js:141862:10)
      at Request.emit (node:events:511:28)
      at IncomingMessage.<anonymous> (C:\Users\palla\AppData\Roaming\npm\node_modules\yarn\lib\cli.js:141784:12)
      at Object.onceWrapper (node:events:625:28)
      at IncomingMessage.emit (node:events:523:35)
      at endReadableNT (node:internal/streams/readable:1367:12)
      at process.processTicksAndRejections (node:internal/process/task_queues:82:21)

npm manifest: 
  {
    "dependencies": {
      "expo-font": "~11.1.1",
      "expo-status-bar": "~1.4.4",
      "@expo/vector-icons": "^13.0.0",
      "expo-splash-screen": "~0.18.2",
      "react-native-paper": "^3.0.0",
      "react-native-screens": "~3.20.0",
      "react-native-reanimated": "~2.14.4",
      "@react-navigation/drawer": "^5.12.5",
      "@react-navigation/native": "^6.0.10",
      "react-native-vector-icons": "9.2.0",
      "react-native-gesture-handler": "~2.9.0",
      "@react-navigation/bottom-tabs": "^6.3.1",
      "react-native-safe-area-context": "4.5.0",
      "react-native-responsive-fontsize": "*",
      "react-native-vector-icons/Ionicons": "*",
      "@react-navigation/material-bottom-tabs": "*"
    }
  }

yarn manifest: 
  No manifest

Lockfile: 
  # THIS IS AN AUTOGENERATED FILE. DO NOT EDIT THIS FILE DIRECTLY.
  # yarn lockfile v1
  
  
  "@callstack/react-theme-provider@^3.0.9":
    version "3.0.9"
    resolved "https://registry.yarnpkg.com/@callstack/react-theme-provider/-/react-theme-provider-3.0.9.tgz#01035fa1231f1fffc1a806be1b55eb82716e80c1"
    integrity sha512-tTQ0uDSCL0ypeMa8T/E9wAZRGKWj8kXP7+6RYgPTfOPs9N07C9xM8P02GJ3feETap4Ux5S69D9nteq9mEj86NA==
    dependencies:
      deepmerge "^3.2.0"
      hoist-non-react-statics "^3.3.0"
  
  "@react-navigation/elements@^1.3.21":
    version "1.3.21"
    resolved "https://registry.yarnpkg.com/@react-navigation/elements/-/elements-1.3.21.tgz#debac6becc6b6692da09ec30e705e476a780dfe1"
    integrity sha512-eyS2C6McNR8ihUoYfc166O1D8VYVh9KIl0UQPI8/ZJVsStlfSTgeEEh+WXge6+7SFPnZ4ewzEJdSAHH+jzcEfg==
  
  "@react-navigation/material-bottom-tabs@^6.2.19":
    version "6.2.19"
    resolved "https://registry.yarnpkg.com/@react-navigation/material-bottom-tabs/-/material-bottom-tabs-6.2.19.tgz#c16a9782d12b26966f6bbc9972195982f79cf515"
    integrity sha512-eC2hj/rR/dRaYYs7vwpaxMJgThGHNDoB8oZ1uZuzVCfLd/3x5Ow+R59g4ZFqCJ74Lfa8z+3XTmCfXkr+wepywg==
    dependencies:
      "@react-navigation/elements" "^1.3.21"
  
  color-convert@^1.9.3:
    version "1.9.3"
    resolved "https://registry.yarnpkg.com/color-convert/-/color-convert-1.9.3.tgz#bb71850690e1f136567de629d2d5471deda4c1e8"
    integrity sha512-QfAUtd+vFdAtFQcC8CCyYt1fYWxSqAiK2cSD6zDB8N3cpsEBAvRxp9zOGg6G/SHHJYAT88/az/IuDGALsNVbGg==
    dependencies:
      color-name "1.1.3"
  
  color-name@1.1.3:
    version "1.1.3"
    resolved "https://registry.yarnpkg.com/color-name/-/color-name-1.1.3.tgz#a7d0558bd89c42f795dd42328f740831ca53bc25"
    integrity sha512-72fSenhMw2HZMTVHeCA9KCmpEIbzWiQsjN+BHcBbS9vr1mtt+vJjPdksIBNUmKAW8TFUDPJK5SUU3QhE9NEXDw==
  
  color-name@^1.0.0:
    version "1.1.4"
    resolved "https://registry.yarnpkg.com/color-name/-/color-name-1.1.4.tgz#c2a09a87acbde69543de6f63fa3995c826c536a2"
    integrity sha512-dOy+3AuW3a2wNbZHIuMZpTcgjGuLU/uBL/ubcZF9OXbDo8ff4O8yVp5Bf0efS8uEoYo5q4Fx7dY9OgQGXgAsQA==
  
  color-string@^1.6.0:
    version "1.9.1"
    resolved "https://registry.yarnpkg.com/color-string/-/color-string-1.9.1.tgz#4467f9146f036f855b764dfb5bf8582bf342c7a4"
    integrity sha512-shrVawQFojnZv6xM40anx4CkoDP+fZsw/ZerEMsW/pyzsRbElpsL/DBVW7q3ExxwusdNXI3lXpuhEZkzs8p5Eg==
    dependencies:
      color-name "^1.0.0"
      simple-swizzle "^0.2.2"
  
  color@^3.1.2:
    version "3.2.1"
    resolved "https://registry.yarnpkg.com/color/-/color-3.2.1.tgz#3544dc198caf4490c3ecc9a790b54fe9ff45e164"
    integrity sha512-aBl7dZI9ENN6fUGC7mWpMTPNHmWUSNan9tuWN6ahh5ZLNk9baLJOnSMlrQkHcrfFgz2/RigjUVAjdx36VcemKA==
    dependencies:
      color-convert "^1.9.3"
      color-string "^1.6.0"
  
  deepmerge@^3.2.0:
    version "3.3.0"
    resolved "https://registry.yarnpkg.com/deepmerge/-/deepmerge-3.3.0.tgz#d3c47fd6f3a93d517b14426b0628a17b0125f5f7"
    integrity sha512-GRQOafGHwMHpjPx9iCvTgpu9NojZ49q794EEL94JVEw6VaeA8XTUyBKvAkOOjBX9oJNiV6G3P+T+tihFjo2TqA==
  
  hoist-non-react-statics@^3.3.0:
    version "3.3.2"
    resolved "https://registry.yarnpkg.com/hoist-non-react-statics/-/hoist-non-react-statics-3.3.2.tgz#ece0acaf71d62c2969c2ec59feff42a4b1a85b45"
    integrity sha512-/gGivxi8JPKWNm/W0jSmzcMPpfpPLc3dY/6GxhX2hQ9iGj3aDfklV4ET7NjKpSinLpJ5vafa9iiGIEZg10SfBw==
    dependencies:
      react-is "^16.7.0"
  
  is-arrayish@^0.3.1:
    version "0.3.2"
    resolved "https://registry.yarnpkg.com/is-arrayish/-/is-arrayish-0.3.2.tgz#4574a2ae56f7ab206896fb431eaeed066fdf8f03"
    integrity sha512-eVRqCvVlZbuw3GrM63ovNSNAeA1K16kaR/LRY/92w0zxQ5/1YzwblUX652i4Xs9RwAGjW9d9y6X88t8OaAJfWQ==
  
  react-is@^16.7.0:
    version "16.13.1"
    resolved "https://registry.yarnpkg.com/react-is/-/react-is-16.13.1.tgz#789729a4dc36de2999dc156dd6c1d9c18cea56a4"
    integrity sha512-24e6ynE2H+OKt4kqsOvNd8kBpV65zoxbA4BVsEOB3ARVWQki/DHzaUoC5KuON/BiccDaCCTZBuOcfZs70kR8bQ==
  
  react-native-iphone-x-helper@^1.3.1:
    version "1.3.1"
    resolved "https://registry.yarnpkg.com/react-native-iphone-x-helper/-/react-native-iphone-x-helper-1.3.1.tgz#20c603e9a0e765fd6f97396638bdeb0e5a60b010"
    integrity sha512-HOf0jzRnq2/aFUcdCJ9w9JGzN3gdEg0zFE4FyYlp4jtidqU03D5X7ZegGKfT1EWteR0gPBGp9ye5T5FvSWi9Yg==
  
  react-native-paper@^5.11.3:
    version "5.11.3"
    resolved "https://registry.yarnpkg.com/react-native-paper/-/react-native-paper-5.11.3.tgz#09efd215ed3f6607dec7c76897358a754c2484b7"
    integrity sha512-550W/B+2LdFt0wBucQQI7GKZJ4XD0DTJz1BxalMv87l8WKKdRrdxI8t1lTEbyFb4gsTHA/sqMVXpQXITh0yplw==
    dependencies:
      "@callstack/react-theme-provider" "^3.0.9"
      color "^3.1.2"
      use-latest-callback "^0.1.5"
  
  react-native-responsive-fontsize@^0.5.1:
    version "0.5.1"
    resolved "https://registry.yarnpkg.com/react-native-responsive-fontsize/-/react-native-responsive-fontsize-0.5.1.tgz#c39fa2212ecced2bac879211a7b25106534f72d2"
    integrity sha512-G77iPzrf3BHxMxVm6G3Mw3vPImIdq+jLLXhYoOjWei6i9J3/jzUNUhNdRWvp49Csb5prhbVBLPM+pYZz+b3ESQ==
    dependencies:
      react-native-iphone-x-helper "^1.3.1"
  
  simple-swizzle@^0.2.2:
    version "0.2.2"
    resolved "https://registry.yarnpkg.com/simple-swizzle/-/simple-swizzle-0.2.2.tgz#a4da6b635ffcccca33f70d17cb92592de95e557a"
    integrity sha512-JA//kQgZtbuY83m+xT+tXJkmJncGMTFT+C+g2h2R9uxkYIrE2yy9sgmcLhCnw57/WSD+Eh3J97FPEDFnbXnDUg==
    dependencies:
      is-arrayish "^0.3.1"
  
  use-latest-callback@^0.1.5:
    version "0.1.9"
    resolved "https://registry.yarnpkg.com/use-latest-callback/-/use-latest-callback-0.1.9.tgz#10191dc54257e65a8e52322127643a8940271e2a"
    integrity sha512-CL/29uS74AwreI/f2oz2hLTW7ZqVeV5+gxFeGudzQrgkCytrHw33G4KbnQOrRlAEzzAFXi7dDLMC9zhWcVpzmw==

